{"name": "Mover elemento en la pantalla", "status": "broken", "statusDetails": {"message": "selenium.common.exceptions.NoSuchElementException: Message: no such element: Unable to locate element: {\"method\":\"css selector\",\"selector\":\"[id=\"text_drop\"]\"}\n  (Session info: chrome=137.0.7151.120); For documentation on this error, please visit: https://www.selenium.dev/documentation/webdriver/troubleshooting/errors#no-such-element-exception\nStacktrace:\n\tGetHandleVerifier [0x0x613b03+62899]\n\tGetHandleVerifier [0x0x613b44+62964]\n\t(No symbol) [0x0x4410f3]\n\t(No symbol) [0x0x48980e]\n\t(No symbol) [0x0x489bab]\n\t(No symbol) [0x0x4d25c2]\n\t(No symbol) [0x0x4ae554]\n\t(No symbol) [0x0x4cfd81]\n\t(No symbol) [0x0x4ae306]\n\t(No symbol) [0x0x47d670]\n\t(No symbol) [0x0x47e4e4]\n\tGetHandleVerifier [0x0x874793+2556483]\n\tGetHandleVerifier [0x0x86fd02+2537394]\n\tGetHandleVerifier [0x0x63a2fa+220586]\n\tGetHandleVerifier [0x0x62aae8+157080]\n\tGetHandleVerifier [0x0x63141d+184013]\n\tGetHandleVerifier [0x0x61ba68+95512]\n\tGetHandleVerifier [0x0x61bc10+95936]\n\tGetHandleVerifier [0x0x606b5a+9738]\n\tBaseThreadInitThunk [0x0x753c5d49+25]\n\tRtlInitializeExceptionChain [0x0x774bd09b+107]\n\tRtlGetAppContainerNamedObjectPath [0x0x774bd021+561]\n\n", "trace": "  File \"C:\\Users\\dmefr\\OneDrive\\Escritorio\\FW_Pruebas_Python_Selenium_VSCode\\EnviromentQA\\Lib\\site-packages\\behave\\model.py\", line 1329, in run\n    match.run(runner.context)\n    ~~~~~~~~~^^^^^^^^^^^^^^^^\n  File \"C:\\Users\\dmefr\\OneDrive\\Escritorio\\FW_Pruebas_Python_Selenium_VSCode\\EnviromentQA\\Lib\\site-packages\\behave\\matchers.py\", line 98, in run\n    self.func(context, *args, **kwargs)\n    ~~~~~~~~~^^^^^^^^^^^^^^^^^^^^^^^^^^\n  File \"features\\steps\\steps1.py\", line 25, in step_click_login\n    assert context.driver.find_element(By.ID, 'text_drop').text == 'Dropped!', \"El texto no coincide con lo esperado\"\n           ~~~~~~~~~~~~~~~~~~~~~~~~~~~^^^^^^^^^^^^^^^^^^^^\n  File \"C:\\Users\\dmefr\\OneDrive\\Escritorio\\FW_Pruebas_Python_Selenium_VSCode\\EnviromentQA\\Lib\\site-packages\\selenium\\webdriver\\remote\\webdriver.py\", line 914, in find_element\n    return self.execute(Command.FIND_ELEMENT, {\"using\": by, \"value\": value})[\"value\"]\n           ~~~~~~~~~~~~^^^^^^^^^^^^^^^^^^^^^^^^^^^^^^^^^^^^^^^^^^^^^^^^^^^^^\n  File \"C:\\Users\\dmefr\\OneDrive\\Escritorio\\FW_Pruebas_Python_Selenium_VSCode\\EnviromentQA\\Lib\\site-packages\\selenium\\webdriver\\remote\\webdriver.py\", line 447, in execute\n    self.error_handler.check_response(response)\n    ~~~~~~~~~~~~~~~~~~~~~~~~~~~~~~~~~^^^^^^^^^^\n  File \"C:\\Users\\dmefr\\OneDrive\\Escritorio\\FW_Pruebas_Python_Selenium_VSCode\\EnviromentQA\\Lib\\site-packages\\selenium\\webdriver\\remote\\errorhandler.py\", line 232, in check_response\n    raise exception_class(message, screen, stacktrace)\n"}, "steps": [{"name": "Given el usuario abre el navegador a DemoQA", "status": "passed", "start": 1750623009951, "stop": 1750623012083}, {"name": "When ingresa a la pagina de DemoQA", "status": "passed", "start": 1750623012084, "stop": 1750623017502}, {"name": "When usuario arrastra el elemento \"Draggable\" a la posición \"100, 200\"", "status": "passed", "attachments": [{"name": "Arrastrar y Soltar", "source": "d33906d3-d491-4050-9c25-180b95be386a-attachment.png", "type": "image/png"}], "start": 1750623017503, "stop": 1750623019220}, {"name": "Then verifica que el elemento se ha movido a la nueva posición", "status": "broken", "statusDetails": {"message": "selenium.common.exceptions.NoSuchElementException: Message: no such element: Unable to locate element: {\"method\":\"css selector\",\"selector\":\"[id=\"text_drop\"]\"}\n  (Session info: chrome=137.0.7151.120); For documentation on this error, please visit: https://www.selenium.dev/documentation/webdriver/troubleshooting/errors#no-such-element-exception\nStacktrace:\n\tGetHandleVerifier [0x0x613b03+62899]\n\tGetHandleVerifier [0x0x613b44+62964]\n\t(No symbol) [0x0x4410f3]\n\t(No symbol) [0x0x48980e]\n\t(No symbol) [0x0x489bab]\n\t(No symbol) [0x0x4d25c2]\n\t(No symbol) [0x0x4ae554]\n\t(No symbol) [0x0x4cfd81]\n\t(No symbol) [0x0x4ae306]\n\t(No symbol) [0x0x47d670]\n\t(No symbol) [0x0x47e4e4]\n\tGetHandleVerifier [0x0x874793+2556483]\n\tGetHandleVerifier [0x0x86fd02+2537394]\n\tGetHandleVerifier [0x0x63a2fa+220586]\n\tGetHandleVerifier [0x0x62aae8+157080]\n\tGetHandleVerifier [0x0x63141d+184013]\n\tGetHandleVerifier [0x0x61ba68+95512]\n\tGetHandleVerifier [0x0x61bc10+95936]\n\tGetHandleVerifier [0x0x606b5a+9738]\n\tBaseThreadInitThunk [0x0x753c5d49+25]\n\tRtlInitializeExceptionChain [0x0x774bd09b+107]\n\tRtlGetAppContainerNamedObjectPath [0x0x774bd021+561]\n\n", "trace": "  File \"C:\\Users\\dmefr\\OneDrive\\Escritorio\\FW_Pruebas_Python_Selenium_VSCode\\EnviromentQA\\Lib\\site-packages\\behave\\model.py\", line 1329, in run\n    match.run(runner.context)\n    ~~~~~~~~~^^^^^^^^^^^^^^^^\n  File \"C:\\Users\\dmefr\\OneDrive\\Escritorio\\FW_Pruebas_Python_Selenium_VSCode\\EnviromentQA\\Lib\\site-packages\\behave\\matchers.py\", line 98, in run\n    self.func(context, *args, **kwargs)\n    ~~~~~~~~~^^^^^^^^^^^^^^^^^^^^^^^^^^\n  File \"features\\steps\\steps1.py\", line 25, in step_click_login\n    assert context.driver.find_element(By.ID, 'text_drop').text == 'Dropped!', \"El texto no coincide con lo esperado\"\n           ~~~~~~~~~~~~~~~~~~~~~~~~~~~^^^^^^^^^^^^^^^^^^^^\n  File \"C:\\Users\\dmefr\\OneDrive\\Escritorio\\FW_Pruebas_Python_Selenium_VSCode\\EnviromentQA\\Lib\\site-packages\\selenium\\webdriver\\remote\\webdriver.py\", line 914, in find_element\n    return self.execute(Command.FIND_ELEMENT, {\"using\": by, \"value\": value})[\"value\"]\n           ~~~~~~~~~~~~^^^^^^^^^^^^^^^^^^^^^^^^^^^^^^^^^^^^^^^^^^^^^^^^^^^^^\n  File \"C:\\Users\\dmefr\\OneDrive\\Escritorio\\FW_Pruebas_Python_Selenium_VSCode\\EnviromentQA\\Lib\\site-packages\\selenium\\webdriver\\remote\\webdriver.py\", line 447, in execute\n    self.error_handler.check_response(response)\n    ~~~~~~~~~~~~~~~~~~~~~~~~~~~~~~~~~^^^^^^^^^^\n  File \"C:\\Users\\dmefr\\OneDrive\\Escritorio\\FW_Pruebas_Python_Selenium_VSCode\\EnviromentQA\\Lib\\site-packages\\selenium\\webdriver\\remote\\errorhandler.py\", line 232, in check_response\n    raise exception_class(message, screen, stacktrace)\n"}, "start": 1750623019220, "stop": 1750623019235}], "start": 1750623009950, "stop": 1750623019237, "uuid": "d53118eb-a565-4886-a6e4-295ed135e4af", "historyId": "1e40314aa5cff706b8e37c8f315a9313", "fullName": "Busqueda en Google: Mover elemento en la pantalla", "labels": [{"name": "severity", "value": "normal"}, {"name": "feature", "value": "Busqueda en Google"}, {"name": "framework", "value": "behave"}, {"name": "language", "value": "cpython3"}]}